<?xml version="1.0" encoding="UTF-8"?>
<!-- Generated by org.testng.reporters.JUnitReportReporter -->
<testsuite hostname="hua.local" name="RestAssured.TestOrder" tests="4" failures="0" timestamp="6 Nov 2018 10:44:41 GMT" time="0.003" errors="0">
  <testcase name="testMakeEmptyOrder" time="0.001" classname="RestAssured.TestOrder"/>
  <testcase name="testUpdateOrder" time="0.001" classname="RestAssured.TestOrder"/>
  <testcase name="testFindOrder" time="0.001" classname="RestAssured.TestOrder"/>
  <testcase name="testMakeOrder" time="0.000" classname="RestAssured.TestOrder"/>
</testsuite> <!-- RestAssured.TestOrder -->
