<?xml version="1.0" encoding="UTF-8"?>
<!-- Generated by org.testng.reporters.JUnitReportReporter -->
<testsuite skipped="0" hostname="hua.local" name="SeleniumTest" tests="1" failures="0" timestamp="22 七月 2018 07:12:00 GMT" time="80.432" errors="0">
  <testcase name="assertTest" time="80.432" classname="SeleniumTest"/>
</testsuite> <!-- SeleniumTest -->
